<?xml version="1.0" encoding="UTF-8"?>
<!-- Generated by org.testng.reporters.JUnitReportReporter -->
<testsuite hostname="DESKTOP-7QU5CGR" failures="0" tests="1" name="smokeTestCase.Demo" time="18.767" errors="0" timestamp="2024-03-20T16:25:56 IST" skipped="0">
  <testcase classname="smokeTestCase.Demo" name="opendemo" time="18.767"/>
  <system-out/>
</testsuite> <!-- smokeTestCase.Demo -->
