<?xml version="1.0" encoding="UTF-8"?>
<!-- Generated by org.testng.reporters.JUnitReportReporter -->
<testsuite hostname="DESKTOP-7QU5CGR" failures="0" tests="1" name="integrationTestCase.ToLaunchPurple_Test" time="9.744" errors="0" timestamp="2024-03-21T15:54:36 IST" skipped="0">
  <testcase classname="integrationTestCase.ToLaunchPurple_Test" name="LaunchPurple" time="9.744"/>
  <system-out/>
</testsuite> <!-- integrationTestCase.ToLaunchPurple_Test -->
