<?xml version="1.0" encoding="UTF-8"?>
<!-- Generated by org.testng.reporters.JUnitReportReporter -->
<testsuite hostname="DESKTOP-7QU5CGR" failures="0" tests="1" name="integrationTestCase.ToLaunchMaybelin_Test" time="12.950" errors="0" timestamp="2024-03-21T15:54:36 IST" skipped="0">
  <testcase classname="integrationTestCase.ToLaunchMaybelin_Test" name="LaunchMaybelin" time="12.950"/>
  <system-out/>
</testsuite> <!-- integrationTestCase.ToLaunchMaybelin_Test -->
