<?xml version="1.0" encoding="UTF-8"?>
<!-- Generated by org.testng.reporters.JUnitReportReporter -->
<testsuite hostname="DESKTOP-7QU5CGR" failures="0" tests="1" name="integrationTestCase.ToLaunchMamaEarth_Test" time="23.424" errors="0" timestamp="2024-03-21T15:54:36 IST" skipped="0">
  <testcase classname="integrationTestCase.ToLaunchMamaEarth_Test" name="LaunchMamaEarth" time="23.424"/>
  <system-out/>
</testsuite> <!-- integrationTestCase.ToLaunchMamaEarth_Test -->
