<?xml version="1.0" encoding="UTF-8"?>
<!-- Generated by org.testng.reporters.JUnitReportReporter -->
<testsuite hostname="DESKTOP-7QU5CGR" failures="0" tests="1" name="smokeTestCase.ToLaunchAjio_Test" time="19.816" errors="0" timestamp="2024-03-21T16:41:54 IST" skipped="0">
  <testcase classname="smokeTestCase.ToLaunchAjio_Test" name="launchAjio" time="19.816"/>
  <system-out/>
</testsuite> <!-- smokeTestCase.ToLaunchAjio_Test -->
