<?xml version="1.0" encoding="UTF-8"?>
<!-- Generated by org.testng.reporters.JUnitReportReporter -->
<testsuite hostname="DESKTOP-7QU5CGR" failures="0" tests="1" name="integrationTestCase.ToLaunchMaybelin_Test" time="14.843" errors="0" timestamp="2024-03-21T16:41:54 IST" skipped="0">
  <testcase classname="integrationTestCase.ToLaunchMaybelin_Test" name="LaunchMaybelin" time="14.843"/>
  <system-out/>
</testsuite> <!-- integrationTestCase.ToLaunchMaybelin_Test -->
