<?xml version="1.0" encoding="UTF-8"?>
<!-- Generated by org.testng.reporters.JUnitReportReporter -->
<testsuite hostname="DESKTOP-7QU5CGR" failures="0" tests="1" name="smokeTestCase.ToLaunchFlipkart_Test" time="15.951" errors="0" timestamp="2024-03-21T16:41:54 IST" skipped="0">
  <testcase classname="smokeTestCase.ToLaunchFlipkart_Test" name="LaunchFlipkart" time="15.951"/>
  <system-out/>
</testsuite> <!-- smokeTestCase.ToLaunchFlipkart_Test -->
