<?xml version="1.0" encoding="UTF-8"?>
<!-- Generated by org.testng.reporters.JUnitReportReporter -->
<testsuite hostname="DESKTOP-7QU5CGR" failures="0" tests="1" name="integrationTestCase.ToLaunchPurple_Test" time="16.932" errors="0" timestamp="2024-03-21T16:41:54 IST" skipped="0">
  <testcase classname="integrationTestCase.ToLaunchPurple_Test" name="LaunchPurple" time="16.932"/>
  <system-out/>
</testsuite> <!-- integrationTestCase.ToLaunchPurple_Test -->
